timestamp: 2021-05-28T14:05:46.537612
CREATE TABLE "auth_user"(
    "id" INTEGER PRIMARY KEY AUTOINCREMENT,
    "first_name" CHAR(128),
    "last_name" CHAR(128),
    "email" CHAR(512),
    "password" CHAR(512),
    "registration_key" CHAR(512),
    "reset_password_key" CHAR(512),
    "registration_id" CHAR(512),
    "cpf" CHAR(14),
    "data_nascimento" DATE,
    "genero" INTEGER,
    "telefone" CHAR(14),
    "logradouro" CHAR(512),
    "numero" CHAR(10),
    "complemento" CHAR(512),
    "bairro" CHAR(512),
    "cidade" CHAR(512),
    "estado" INTEGER,
    "cep" CHAR(512)
);
success!
timestamp: 2021-05-28T14:05:46.657044
CREATE TABLE "auth_group"(
    "id" INTEGER PRIMARY KEY AUTOINCREMENT,
    "role" CHAR(512),
    "description" TEXT
);
success!
timestamp: 2021-05-28T14:05:46.774145
CREATE TABLE "auth_membership"(
    "id" INTEGER PRIMARY KEY AUTOINCREMENT,
    "user_id" INTEGER REFERENCES "auth_user" ("id") ON DELETE CASCADE  ,
    "group_id" INTEGER REFERENCES "auth_group" ("id") ON DELETE CASCADE  
);
success!
timestamp: 2021-05-28T14:05:46.891364
CREATE TABLE "auth_permission"(
    "id" INTEGER PRIMARY KEY AUTOINCREMENT,
    "group_id" INTEGER REFERENCES "auth_group" ("id") ON DELETE CASCADE  ,
    "name" CHAR(512),
    "table_name" CHAR(512),
    "record_id" INTEGER
);
success!
timestamp: 2021-05-28T14:05:47.008437
CREATE TABLE "auth_event"(
    "id" INTEGER PRIMARY KEY AUTOINCREMENT,
    "time_stamp" TIMESTAMP,
    "client_ip" CHAR(512),
    "user_id" INTEGER REFERENCES "auth_user" ("id") ON DELETE CASCADE  ,
    "origin" CHAR(512),
    "description" TEXT
);
success!
timestamp: 2021-05-28T14:05:47.150613
CREATE TABLE "auth_cas"(
    "id" INTEGER PRIMARY KEY AUTOINCREMENT,
    "user_id" INTEGER REFERENCES "auth_user" ("id") ON DELETE CASCADE  ,
    "created_on" TIMESTAMP,
    "service" CHAR(512),
    "ticket" CHAR(512),
    "renew" CHAR(1)
);
success!
timestamp: 2021-05-28T14:36:20.306734
CREATE TABLE "tipo_serviso"(
    "id" INTEGER PRIMARY KEY AUTOINCREMENT,
    "nome" CHAR(512)
);
success!
timestamp: 2021-05-28T14:36:36.535270
CREATE TABLE "servico"(
    "id" INTEGER PRIMARY KEY AUTOINCREMENT,
    "prestador" INTEGER REFERENCES "auth_user" ("id") ON DELETE CASCADE  ,
    "tipo" INTEGER REFERENCES "tipo_serviso" ("id") ON DELETE CASCADE  ,
    "descricao" TEXT
);
success!
timestamp: 2021-05-28T14:43:46.811010
CREATE TABLE "tipo_servico"(
    "id" INTEGER PRIMARY KEY AUTOINCREMENT,
    "nome" CHAR(512)
);
success!
success!
success!
success!
success!
timestamp: 2021-05-28T15:23:28.422922
ALTER TABLE "servico" ADD "tipos" TEXT;
success!
success!
success!
success!
success!
success!
success!
success!
success!
success!
success!
success!
success!
success!
success!
success!
success!
success!
success!
success!
success!
success!
success!
success!
success!
success!
success!
success!
success!
success!
success!
success!
success!
success!
success!
success!
success!
success!
success!
success!
success!
success!
